build/app/outputs/mapping/release/seeds.txt
com.example.e_commerce_app.MainActivity
com.example.e_commerce_app.MainActivity: MainActivity()
...
io.grpc.okhttp.internal.TlsVersion: io.grpc.okhttp.internal.TlsVersion valueOf(java.lang.String)
com.google.android.gms.measurement.internal.AppMeasurementDynamiteService: void setMinimumSessionDuration(long)
io.flutter.embedding.android.KeyData$Type: io.flutter.embedding.android.KeyData$Type valueOf(java.lang.String)
com.google.firebase.auth.PhoneMultiFactorInfo: android.os.Parcelable$Creator CREATOR
androidx.window.java.layout.WindowInfoTrackerCallbackAdapter$addListener$1$1: java.lang.Object invokeSuspend(java.lang.Object)
androidx.window.layout.SidecarCompat: void register(android.os.IBinder,android.app.Activity)
androidx.window.embedding.SplitController: boolean sDebug
kotlinx.coroutines.channels.BufferOverflow: kotlinx.coroutines.channels.BufferOverflow[] values()
com.google.android.gms.internal.measurement.zzcd$zzg: int zzd
kotlinx.coroutines.internal.LockFreeTaskQueueCore: java.lang.Object _next
com.google.android.gms.internal.measurement.zzbv$zze: com.google.android.gms.internal.measurement.zzbv$zze zzj
com.google.android.gms.internal.measurement.zzcd$zzd: com.google.android.gms.internal.measurement.zzcd$zzd zzf
kotlinx.coroutines.android.HandlerContext
com.google.android.gms.measurement.internal.AppMeasurementDynamiteService: void resetAnalyticsData(long)
kotlin.coroutines.jvm.internal.SuspendLambda: SuspendLambda(int,kotlin.coroutines.Continuation)
kotlinx.coroutines.internal.LockFreeLinkedListNode$CondAddOp
androidx.window.embedding.SplitController
com.google.android.gms.internal.measurement.zzcd$zze
androidx.window.embedding.SplitPairRule: androidx.window.embedding.SplitPairRule plus$window_release(androidx.window.embedding.SplitPairFilter)
com.google.firestore.v1.StructuredQuery$Direction: com.google.firestore.v1.StructuredQuery$Direction valueOf(java.lang.String)
androidx.window.layout.SidecarCompat: androidx.window.layout.ExtensionInterfaceCompat$ExtensionCallbackInterface access$getExtensionCallback$p(androidx.window.layout.SidecarCompat)
androidx.window.layout.FoldingFeature
com.google.firestore.v1.StructuredQuery: int FROM_FIELD_NUMBER
androidx.lifecycle.ReportFragment$LifecycleCallbacks: void onActivityPrePaused(android.app.Activity)
com.google.firestore.v1.WriteResponse: com.google.firestore.v1.WriteResponse DEFAULT_INSTANCE
androidx.window.embedding.ActivityFilter: android.content.ComponentName getComponentName()
com.google.android.gms.internal.firebase_auth.zzdq: android.os.Parcelable$Creator CREATOR
com.google.firestore.v1.Target: int resumeTypeCase_
com.google.firestore.v1.StructuredQuery$FieldFilter: int FIELD_FIELD_NUMBER
com.google.firestore.v1.ExistenceFilter: int targetId_
io.flutter.plugin.platform.SingleViewPresentation: io.flutter.plugin.platform.SingleViewPresentation$PresentationState state
com.google.android.gms.internal.measurement.zzca$zzb: int zzf
io.flutter.embedding.engine.FlutterJNI: void nativeOnVsync(long,long,long)
io.flutter.embedding.engine.FlutterJNI: io.flutter.embedding.engine.dart.PlatformMessageHandler platformMessageHandler
io.grpc.okhttp.OkHttpFrameLogger$SettingParams: io.grpc.okhttp.OkHttpFrameLogger$SettingParams valueOf(java.lang.String)
androidx.window.R$styleable: int ActivityFilter_activityName
com.google.android.gms.internal.measurement.zzcd$zzk: double zzi
com.google.firestore.v1.TargetChange$TargetChangeType: com.google.firestore.v1.TargetChange$TargetChangeType valueOf(java.lang.String)
io.flutter.embedding.engine.FlutterJNI: void unregisterTexture(long)
androidx.window.embedding.SplitRule: int minWidth
io.flutter.embedding.engine.FlutterJNI: void nativeNotifyLowMemoryWarning(long)
androidx.window.core.Version: int patch
kotlinx.coroutines.JobImpl
com.google.firestore.v1.StructuredQuery$Projection: com.google.protobuf.Internal$ProtobufList fields_
androidx.lifecycle.Lifecycle$Event: androidx.lifecycle.Lifecycle$Event[] $VALUES
com.google.firestore.v1.BatchGetDocumentsRequest: int MASK_FIELD_NUMBER
kotlin.jvm.internal.Lambda: java.lang.String toString()