build/app/outputs/mapping/release/mapping.txt
# compiler: R8
# compiler_version: 2.1.62
# min_api: 16
# pg_map_id: 9ca2c22
# common_typos_disable
...
kotlinx.coroutines.channels.BufferOverflow -> kotlinx.coroutines.j2.e:
    kotlinx.coroutines.channels.BufferOverflow DROP_LATEST -> f
    kotlinx.coroutines.channels.BufferOverflow DROP_OLDEST -> e
    kotlinx.coroutines.channels.BufferOverflow[] $VALUES -> g
    kotlinx.coroutines.channels.BufferOverflow SUSPEND -> d
    kotlinx.coroutines.channels.BufferOverflow[] $values() -> f
kotlinx.coroutines.channels.Channel -> kotlinx.coroutines.j2.f:
    kotlinx.coroutines.channels.Channel$Factory Factory -> a
kotlinx.coroutines.channels.Channel$Factory -> kotlinx.coroutines.j2.f$a:
    int CHANNEL_DEFAULT_CAPACITY -> b
    kotlinx.coroutines.channels.Channel$Factory $$INSTANCE -> a
    int getCHANNEL_DEFAULT_CAPACITY$kotlinx_coroutines_core() -> a
kotlinx.coroutines.channels.ChannelIterator -> kotlinx.coroutines.j2.g:
    java.lang.Object hasNext(kotlin.coroutines.Continuation) -> a
kotlinx.coroutines.channels.ChannelKt -> kotlinx.coroutines.j2.h:
    kotlinx.coroutines.channels.Channel Channel(int,kotlinx.coroutines.channels.BufferOverflow,kotlin.jvm.functions.Function1) -> a
    kotlinx.coroutines.channels.Channel Channel$default(int,kotlinx.coroutines.channels.BufferOverflow,kotlin.jvm.functions.Function1,int,java.lang.Object) -> b
kotlinx.coroutines.channels.ChannelResult -> kotlinx.coroutines.j2.i:
    kotlinx.coroutines.channels.ChannelResult$Failed failed -> b
    kotlinx.coroutines.channels.ChannelResult$Companion Companion -> a
    kotlinx.coroutines.channels.ChannelResult$Failed access$getFailed$cp() -> a
    java.lang.Object constructor-impl(java.lang.Object) -> b
kotlinx.coroutines.channels.ChannelResult$Closed -> kotlinx.coroutines.j2.i$a:
    java.lang.Throwable cause -> a
kotlinx.coroutines.channels.ChannelResult$Companion -> kotlinx.coroutines.j2.i$b:
    java.lang.Object closed-JP2dKIU(java.lang.Throwable) -> a
    java.lang.Object failure-PtdJZtk() -> b
    java.lang.Object success-JP2dKIU(java.lang.Object) -> c
kotlinx.coroutines.channels.ChannelResult$Failed -> kotlinx.coroutines.j2.i$c:
kotlinx.coroutines.channels.Closed -> kotlinx.coroutines.j2.j:
    java.lang.Throwable closeCause -> g
    kotlinx.coroutines.internal.Symbol tryResumeSend(kotlinx.coroutines.internal.LockFreeLinkedListNode$PrepareOp) -> A
    kotlinx.coroutines.channels.Closed getOfferResult() -> C
    kotlinx.coroutines.channels.Closed getPollResult() -> D
    java.lang.Throwable getReceiveException() -> E
    java.lang.Throwable getSendException() -> F
    java.lang.Object getOfferResult() -> a
    kotlinx.coroutines.internal.Symbol tryResumeReceive(java.lang.Object,kotlinx.coroutines.internal.LockFreeLinkedListNode$PrepareOp) -> b
    void completeResumeReceive(java.lang.Object) -> c
    void completeResumeSend() -> y
    java.lang.Object getPollResult() -> z
kotlinx.coroutines.channels.ClosedReceiveChannelException -> kotlinx.coroutines.j2.k:
kotlinx.coroutines.channels.ClosedSendChannelException -> kotlinx.coroutines.j2.l:
kotlinx.coroutines.channels.ConflatedChannel -> kotlinx.coroutines.j2.m:
    java.lang.Object value -> e
    java.util.concurrent.locks.ReentrantLock lock -> d
    java.lang.String getBufferDebugString() -> c
    java.lang.Object offerInternal(java.lang.Object) -> i
    boolean enqueueReceiveInternal(kotlinx.coroutines.channels.Receive) -> q
    boolean isBufferAlwaysEmpty() -> r
    boolean isBufferEmpty() -> s
    java.lang.Object pollInternal() -> v
    kotlinx.coroutines.internal.UndeliveredElementException updateValueLocked(java.lang.Object) -> x
kotlinx.coroutines.channels.LinkedListChannel -> kotlinx.coroutines.j2.n:
    java.lang.Object offerInternal(java.lang.Object) -> i
    boolean isBufferAlwaysEmpty() -> r
    boolean isBufferEmpty() -> s
kotlinx.coroutines.channels.Receive -> kotlinx.coroutines.j2.o:
    java.lang.Object getOfferResult() -> a
    kotlinx.coroutines.internal.Symbol getOfferResult() -> y
    void resumeReceiveClosed(kotlinx.coroutines.channels.Closed) -> z