build/app/outputs/mapping/release/usage.txt
com.example.e_commerce_app.BuildConfig
com.example.e_commerce_app.R$integer
com.example.e_commerce_app.R$styleable
com.example.e_commerce_app.R$color
com.example.e_commerce_app.R$mipmap
com.example.e_commerce_app.R$drawable
com.example.e_commerce_app.R$layout
com.example.e_commerce_app.R$dimen
com.example.e_commerce_app.R$attr
com.example.e_commerce_app.R$string
com.example.e_commerce_app.R$style
com.example.e_commerce_app.R$id
com.example.e_commerce_app.R$xml
com.example.e_commerce_app.R
...
com.google.firebase.auth.api.internal.zzd
io.grpc.internal.ServerImpl$JumpToApplicationThreadServerStreamListener$1Closed
com.google.common.reflect.Types$JavaVersion$1
io.grpc.internal.ServerImpl
com.google.common.cache.LocalCache$ValueReference
com.google.android.gms.internal.firebase_auth.zzld
androidx.viewpager.widget.ViewPager$3
kotlinx.coroutines.selects.SelectBuilderImpl$PairSelectOp
io.flutter.app.FlutterActivityDelegate$1
com.google.firebase.auth.api.internal.zzu
io.grpc.InternalChannelz$ServerSocketsList
com.google.common.base.CharMatcher$IsEither
com.google.common.collect.ForwardingNavigableSet
com.google.android.gms.common.util.Hex:
    public void <init>()
    public static java.lang.String bytesToStringUppercase(byte[])
    public static byte[] stringToBytes(java.lang.String)
com.google.android.gms.common.api.internal.zaav
com.google.common.collect.TreeRangeSet$Complement
androidx.annotation.FontRes
com.google.protobuf.DescriptorProtos$DescriptorProto$Builder
com.google.common.collect.MapMakerInternalMap$WeakKeyStrongValueSegment
kotlin.UnsafeLazyImpl
com.google.common.collect.ImmutableSortedMap$SerializedForm
androidx.core.app.AppLaunchChecker
kotlinx.coroutines.flow.FlowKt__TransformKt$filterNotNull$$inlined$unsafeTransform$1$2$1
com.google.common.collect.ImmutableList$Builder
com.google.firebase.storage.StorageMetadata:
    static synthetic com.google.firebase.storage.StorageMetadata$MetadataValue access$1000(com.google.firebase.storage.StorageMetadata)
    static synthetic com.google.firebase.storage.StorageMetadata$MetadataValue access$1100(com.google.firebase.storage.StorageMetadata)
    static synthetic com.google.firebase.storage.StorageMetadata$MetadataValue access$1200(com.google.firebase.storage.StorageMetadata)
    static synthetic com.google.firebase.storage.StorageMetadata$MetadataValue access$1300(com.google.firebase.storage.StorageMetadata)
    static synthetic com.google.firebase.storage.StorageMetadata$MetadataValue access$1500(com.google.firebase.storage.StorageMetadata)
    public com.google.firebase.storage.StorageReference getReference()
    private static final java.lang.String TAG
    private static final java.lang.String CONTENT_LANGUAGE
    private static final java.lang.String CONTENT_ENCODING
    private static final java.lang.String CONTENT_DISPOSITION
    private static final java.lang.String CACHE_CONTROL
    private static final java.lang.String CUSTOM_METADATA_KEY
    private static final java.lang.String CONTENT_TYPE_KEY
    private static final java.lang.String MD5_HASH_KEY
    private static final java.lang.String SIZE_KEY
    private static final java.lang.String TIME_UPDATED_KEY
    private static final java.lang.String TIME_CREATED_KEY
    private static final java.lang.String META_GENERATION_KEY
kotlinx.coroutines.flow.FlowKt__DelayKt$debounceInternal$1$3$2
kotlin.collections.builders.MapBuilder$EntryRef
com.google.common.util.concurrent.AbstractService$6
com.google.android.gms.internal.firebase_auth.zzp$zzh
kotlinx.coroutines.flow.FlowKt__DelayKt$sample$2
com.google.android.gms.common.api.internal.zaae:
    public void <init>(com.google.android.gms.common.api.internal.ApiKey)
androidx.loader.content.ModernAsyncTask$3
com.google.android.gms.internal.firebase_auth.zzlu
kotlin.jvm.functions.Function7:
    public abstract java.lang.Object invoke(java.lang.Object,java.lang.Object,java.lang.Object,java.lang.Object,java.lang.Object,java.lang.Object,java.lang.Object)
kotlinx.coroutines.ParentJob$DefaultImpls
com.google.common.base.StandardSystemProperty
kotlinx.coroutines.internal.ThreadLocalKt
com.google.common.util.concurrent.AbstractFuture$SafeAtomicHelper
com.google.android.gms.internal.firebase_auth.zzau
com.google.protobuf.DescriptorProtos$ServiceDescriptorProtoOrBuilder
kotlinx.coroutines.flow.FlowKt__ReduceKt$singleOrNull$1
com.google.android.gms.internal.measurement.zzap
com.google.firebase.components.R
com.google.common.collect.CompactLinkedHashMap